INFO:root:; News, Blogs, Insider, Calender Data ; 2023-02-17 11:59:02
INFO:root:; News, Blogs, Insider, Calender Data ; 2023-02-17 12:59:02
INFO:root:; News, Blogs, Insider, Calender Data ; 2023-02-17 13:59:03
INFO:root:; News, Blogs, Insider, Calender Data ; 2023-02-17 14:59:02
INFO:root:; News, Blogs, Insider, Calender Data ; 2023-02-17 15:59:03
INFO:root:; News, Blogs, Insider, Calender Data ; 2023-02-17 16:59:03
INFO:root:; News, Blogs, Insider, Calender Data ; 2023-02-17 17:59:03
INFO:root:; News, Blogs, Insider, Calender Data ; 2023-02-17 18:59:02
INFO:root:; News, Blogs, Insider, Calender Data ; 2023-02-17 19:59:02
INFO:root:; All Signal Screener Data ; 2023-02-17 20:16:10
INFO:root:; Quotes & Ticker Data ; 2023-02-17 20:40:10
INFO:root:; News, Blogs, Insider, Calender Data ; 2023-02-17 20:59:02
INFO:root:; News, Blogs, Insider, Calender Data ; 2023-02-17 21:59:03
INFO:root:; News, Blogs, Insider, Calender Data ; 2023-02-17 22:59:03
INFO:root:; News, Blogs, Insider, Calender Data ; 2023-02-17 23:59:03
INFO:root:; News, Blogs, Insider, Calender Data ; 2023-02-18 00:59:02
INFO:root:; News, Blogs, Insider, Calender Data ; 2023-02-18 01:59:02
INFO:root:; News, Blogs, Insider, Calender Data ; 2023-02-18 02:59:02
INFO:root:; News, Blogs, Insider, Calender Data ; 2023-02-18 21:59:03
INFO:root:; News, Blogs, Insider, Calender Data ; 2023-02-18 22:59:03
INFO:root:; News, Blogs, Insider, Calender Data ; 2023-02-18 23:59:03
INFO:root:; News, Blogs, Insider, Calender Data ; 2023-02-19 00:59:02
INFO:root:; News, Blogs, Insider, Calender Data ; 2023-02-19 01:59:02
INFO:root:; News, Blogs, Insider, Calender Data ; 2023-02-19 02:59:02
INFO:root:; News, Blogs, Insider, Calender Data ; 2023-02-19 03:59:02
INFO:root:; News, Blogs, Insider, Calender Data ; 2023-02-19 04:59:02
INFO:root:; News, Blogs, Insider, Calender Data ; 2023-02-19 05:59:02
INFO:root:; News, Blogs, Insider, Calender Data ; 2023-02-19 06:59:02
INFO:root:; News, Blogs, Insider, Calender Data ; 2023-02-19 07:59:02
INFO:root:; News, Blogs, Insider, Calender Data ; 2023-02-19 08:59:02
INFO:root:; News, Blogs, Insider, Calender Data ; 2023-02-19 09:59:02
INFO:root:; News, Blogs, Insider, Calender Data ; 2023-02-19 10:59:03
INFO:root:; News, Blogs, Insider, Calender Data ; 2023-02-19 11:59:02
INFO:root:; News, Blogs, Insider, Calender Data ; 2023-02-19 12:59:03
INFO:root:; News, Blogs, Insider, Calender Data ; 2023-02-19 13:59:03
INFO:root:; News, Blogs, Insider, Calender Data ; 2023-02-19 14:59:02
INFO:root:; News, Blogs, Insider, Calender Data ; 2023-02-19 15:59:02
INFO:root:; News, Blogs, Insider, Calender Data ; 2023-02-19 16:59:02
INFO:root:; News, Blogs, Insider, Calender Data ; 2023-02-19 17:59:03
INFO:root:; News, Blogs, Insider, Calender Data ; 2023-02-19 18:59:03
INFO:root:; News, Blogs, Insider, Calender Data ; 2023-02-19 19:59:03
INFO:root:; News, Blogs, Insider, Calender Data ; 2023-02-19 20:59:02
INFO:root:; News, Blogs, Insider, Calender Data ; 2023-02-19 21:59:02
INFO:root:; News, Blogs, Insider, Calender Data ; 2023-02-19 22:59:02
INFO:root:; News, Blogs, Insider, Calender Data ; 2023-02-19 23:59:02
INFO:root:; News, Blogs, Insider, Calender Data ; 2023-02-20 00:59:02
INFO:root:; News, Blogs, Insider, Calender Data ; 2023-02-20 01:59:03
INFO:root:; News, Blogs, Insider, Calender Data ; 2023-02-20 02:59:02
INFO:root:; News, Blogs, Insider, Calender Data ; 2023-02-20 03:59:02
INFO:root:; News, Blogs, Insider, Calender Data ; 2023-02-20 04:59:02
INFO:root:; All Signal Screener Data ; 2023-02-20 05:14:57
INFO:root:; News, Blogs, Insider, Calender Data ; 2023-02-20 05:59:02
INFO:root:; News, Blogs, Insider, Calender Data ; 2023-02-20 06:59:02
INFO:root:; News, Blogs, Insider, Calender Data ; 2023-02-20 07:59:02
INFO:root:; News, Blogs, Insider, Calender Data ; 2023-02-20 08:59:02
INFO:root:; All Signal Screener Data ; 2023-02-20 09:15:06
INFO:root:; News, Blogs, Insider, Calender Data ; 2023-02-20 09:59:03
INFO:root:; News, Blogs, Insider, Calender Data ; 2023-02-20 10:59:02
INFO:root:; News, Blogs, Insider, Calender Data ; 2023-02-20 11:59:03
INFO:root:; All Signal Screener Data ; 2023-02-20 12:15:38
INFO:root:; News, Blogs, Insider, Calender Data ; 2023-02-20 12:59:02
INFO:root:; News, Blogs, Insider, Calender Data ; 2023-02-20 13:59:03
INFO:root:; News, Blogs, Insider, Calender Data ; 2023-02-20 14:59:03
INFO:root:; News, Blogs, Insider, Calender Data ; 2023-02-20 15:59:03
INFO:root:; All Signal Screener Data ; 2023-02-20 16:16:13
INFO:root:; News, Blogs, Insider, Calender Data ; 2023-02-20 16:59:03
INFO:root:; News, Blogs, Insider, Calender Data ; 2023-02-20 17:59:02
INFO:root:; News, Blogs, Insider, Calender Data ; 2023-02-20 18:59:03
INFO:root:; News, Blogs, Insider, Calender Data ; 2023-02-20 19:59:03
INFO:root:; All Signal Screener Data ; 2023-02-20 20:15:15
INFO:root:; News, Blogs, Insider, Calender Data ; 2023-02-20 20:59:03
INFO:root:; News, Blogs, Insider, Calender Data ; 2023-02-20 21:59:02
INFO:root:; News, Blogs, Insider, Calender Data ; 2023-02-20 22:59:03
INFO:root:; All Signal Screener Data ; 2023-02-20 23:01:03
INFO:root:; News, Blogs, Insider, Calender Data ; 2023-02-20 23:59:02
INFO:root:; News, Blogs, Insider, Calender Data ; 2023-02-21 00:59:03
INFO:root:; News, Blogs, Insider, Calender Data ; 2023-02-21 01:59:02
INFO:root:; News, Blogs, Insider, Calender Data ; 2023-02-21 02:59:03
INFO:root:; News, Blogs, Insider, Calender Data ; 2023-02-21 03:59:02
INFO:root:; News, Blogs, Insider, Calender Data ; 2023-02-21 04:59:02
INFO:root:; News, Blogs, Insider, Calender Data ; 2023-02-21 05:59:02
INFO:root:; News, Blogs, Insider, Calender Data ; 2023-02-21 06:59:02
INFO:root:; News, Blogs, Insider, Calender Data ; 2023-02-21 07:59:02
INFO:root:; News, Blogs, Insider, Calender Data ; 2023-02-21 08:59:03
INFO:root:; News, Blogs, Insider, Calender Data ; 2023-02-21 09:59:02
INFO:root:; News, Blogs, Insider, Calender Data ; 2023-02-21 10:59:02
INFO:root:; News, Blogs, Insider, Calender Data ; 2023-02-21 11:59:02
INFO:root:; News, Blogs, Insider, Calender Data ; 2023-02-21 12:59:02
INFO:root:; News, Blogs, Insider, Calender Data ; 2023-02-21 13:59:02
INFO:root:; News, Blogs, Insider, Calender Data ; 2023-02-21 14:59:02
INFO:root:; News, Blogs, Insider, Calender Data ; 2023-02-21 15:59:03
INFO:root:; News, Blogs, Insider, Calender Data ; 2023-02-21 16:59:02
INFO:root:; News, Blogs, Insider, Calender Data ; 2023-02-21 17:59:02
INFO:root:; News, Blogs, Insider, Calender Data ; 2023-02-21 18:59:03
INFO:root:; News, Blogs, Insider, Calender Data ; 2023-02-21 19:59:04
INFO:root:; All Signal Screener Data ; 2023-02-21 20:18:16
INFO:root:; News, Blogs, Insider, Calender Data ; 2023-02-21 20:59:03
INFO:root:; News, Blogs, Insider, Calender Data ; 2023-02-21 21:59:04
INFO:root:; All Signal Screener Data ; 2023-02-21 22:17:01
INFO:root:; News, Blogs, Insider, Calender Data ; 2023-02-21 22:59:03
INFO:root:; News, Blogs, Insider, Calender Data ; 2023-02-21 23:59:03
INFO:root:; All Signal Screener Data ; 2023-02-22 00:15:54
INFO:root:; News, Blogs, Insider, Calender Data ; 2023-02-22 00:59:03
INFO:root:; News, Blogs, Insider, Calender Data ; 2023-02-22 10:59:03
INFO:root:; News, Blogs, Insider, Calender Data ; 2023-02-22 11:59:03
INFO:root:; All Signal Screener Data ; 2023-02-22 12:15:49
INFO:root:; News, Blogs, Insider, Calender Data ; 2023-02-22 12:59:02
INFO:root:; News, Blogs, Insider, Calender Data ; 2023-02-22 13:59:03
INFO:root:; All Signal Screener Data ; 2023-02-22 14:15:24
INFO:root:; News, Blogs, Insider, Calender Data ; 2023-02-22 14:59:03
INFO:root:; News, Blogs, Insider, Calender Data ; 2023-02-22 15:59:02
INFO:root:; All Signal Screener Data ; 2023-02-22 16:16:02
INFO:root:; News, Blogs, Insider, Calender Data ; 2023-02-22 16:59:02
INFO:root:; News, Blogs, Insider, Calender Data ; 2023-02-22 17:59:03
INFO:root:; All Signal Screener Data ; 2023-02-22 18:15:59
INFO:root:; News, Blogs, Insider, Calender Data ; 2023-02-22 18:59:03
INFO:root:; News, Blogs, Insider, Calender Data ; 2023-02-22 19:59:02
INFO:root:; All Signal Screener Data ; 2023-02-22 20:15:56
INFO:root:; News, Blogs, Insider, Calender Data ; 2023-02-22 20:59:03
INFO:root:; News, Blogs, Insider, Calender Data ; 2023-02-22 21:59:04
INFO:root:; All Signal Screener Data ; 2023-02-22 22:17:02
INFO:root:; News, Blogs, Insider, Calender Data ; 2023-02-22 22:59:03
INFO:root:; News, Blogs, Insider, Calender Data ; 2023-02-22 23:59:02
INFO:root:; All Signal Screener Data ; 2023-02-23 00:15:44
INFO:root:; News, Blogs, Insider, Calender Data ; 2023-02-23 00:59:02
INFO:root:; News, Blogs, Insider, Calender Data ; 2023-02-23 01:59:03
INFO:root:; All Signal Screener Data ; 2023-02-23 02:15:27
INFO:root:; News, Blogs, Insider, Calender Data ; 2023-02-23 02:59:02
INFO:root:; News, Blogs, Insider, Calender Data ; 2023-02-23 03:59:02
INFO:root:; All Signal Screener Data ; 2023-02-23 04:15:28
INFO:root:; News, Blogs, Insider, Calender Data ; 2023-02-23 04:59:02
INFO:root:; News, Blogs, Insider, Calender Data ; 2023-02-23 05:59:03
INFO:root:; All Signal Screener Data ; 2023-02-23 06:15:28
INFO:root:; News, Blogs, Insider, Calender Data ; 2023-02-23 06:59:02
INFO:root:; News, Blogs, Insider, Calender Data ; 2023-02-23 07:59:02
INFO:root:; All Signal Screener Data ; 2023-02-23 08:16:37
INFO:root:; News, Blogs, Insider, Calender Data ; 2023-02-23 08:59:02
INFO:root:; News, Blogs, Insider, Calender Data ; 2023-02-23 09:59:02
INFO:root:; All Signal Screener Data ; 2023-02-23 10:13:03
INFO:root:; News, Blogs, Insider, Calender Data ; 2023-02-23 10:59:03
INFO:root:; News, Blogs, Insider, Calender Data ; 2023-02-23 11:59:02
INFO:root:; All Signal Screener Data ; 2023-02-23 12:15:33
INFO:root:; News, Blogs, Insider, Calender Data ; 2023-02-23 12:59:02
INFO:root:; News, Blogs, Insider, Calender Data ; 2023-02-23 13:59:02
INFO:root:; All Signal Screener Data ; 2023-02-23 14:15:58
INFO:root:; News, Blogs, Insider, Calender Data ; 2023-02-23 14:59:03
INFO:root:; News, Blogs, Insider, Calender Data ; 2023-02-23 15:59:02
INFO:root:; All Signal Screener Data ; 2023-02-23 16:16:20
INFO:root:; News, Blogs, Insider, Calender Data ; 2023-02-23 16:59:02
INFO:root:; News, Blogs, Insider, Calender Data ; 2023-02-23 17:59:02
INFO:root:; All Signal Screener Data ; 2023-02-23 18:16:19
INFO:root:; News, Blogs, Insider, Calender Data ; 2023-02-23 18:59:02
INFO:root:; News, Blogs, Insider, Calender Data ; 2023-02-23 19:59:03
INFO:root:; All Signal Screener Data ; 2023-02-23 20:16:18
INFO:root:; News, Blogs, Insider, Calender Data ; 2023-02-23 20:59:03
INFO:root:; News, Blogs, Insider, Calender Data ; 2023-02-23 21:59:04
INFO:root:; All Signal Screener Data ; 2023-02-23 22:16:29
INFO:root:; News, Blogs, Insider, Calender Data ; 2023-02-23 22:59:03
INFO:root:; News, Blogs, Insider, Calender Data ; 2023-02-23 23:59:03
INFO:root:; All Signal Screener Data ; 2023-02-24 00:18:24
INFO:root:; News, Blogs, Insider, Calender Data ; 2023-02-24 00:59:03
INFO:root:; News, Blogs, Insider, Calender Data ; 2023-02-24 01:59:02
INFO:root:; All Signal Screener Data ; 2023-02-24 02:16:10
INFO:root:; News, Blogs, Insider, Calender Data ; 2023-02-24 02:59:02
INFO:root:; News, Blogs, Insider, Calender Data ; 2023-02-24 03:59:02
INFO:root:; All Signal Screener Data ; 2023-02-24 04:16:09
INFO:root:; News, Blogs, Insider, Calender Data ; 2023-02-24 04:59:03
INFO:root:; News, Blogs, Insider, Calender Data ; 2023-02-24 05:59:02
INFO:root:; All Signal Screener Data ; 2023-02-24 06:16:03
INFO:root:; News, Blogs, Insider, Calender Data ; 2023-02-24 06:59:02
INFO:root:; News, Blogs, Insider, Calender Data ; 2023-02-24 07:59:03
INFO:root:; All Signal Screener Data ; 2023-02-24 08:15:07
INFO:root:; News, Blogs, Insider, Calender Data ; 2023-02-24 08:59:02
INFO:root:; News, Blogs, Insider, Calender Data ; 2023-02-24 09:59:02
INFO:root:; All Signal Screener Data ; 2023-02-24 10:12:37
INFO:root:; News, Blogs, Insider, Calender Data ; 2023-02-24 10:59:02
INFO:root:; News, Blogs, Insider, Calender Data ; 2023-02-24 11:59:03
INFO:root:; All Signal Screener Data ; 2023-02-24 12:15:10
INFO:root:; News, Blogs, Insider, Calender Data ; 2023-02-24 12:59:03
INFO:root:; News, Blogs, Insider, Calender Data ; 2023-02-24 13:59:03
INFO:root:; All Signal Screener Data ; 2023-02-24 14:14:46
INFO:root:; News, Blogs, Insider, Calender Data ; 2023-02-24 14:59:02
INFO:root:; News, Blogs, Insider, Calender Data ; 2023-02-24 15:59:03
INFO:root:; Business Calender ; 2023-02-24 16:11:40
INFO:root:; Business Calender ; 2023-02-24 16:11:59
INFO:root:; All Signal Screener Data ; 2023-02-24 16:14:51
INFO:root:; News, Blogs, Insider, Calender Data ; 2023-02-24 16:59:02
INFO:root:; News, Blogs, Insider, Calender Data ; 2023-02-24 17:59:02
INFO:root:; All Signal Screener Data ; 2023-02-24 18:14:46
INFO:root:; News, Blogs, Insider, Calender Data ; 2023-02-24 18:59:02
INFO:root:; News, Blogs, Insider, Calender Data ; 2023-02-24 19:59:03
INFO:root:; All Signal Screener Data ; 2023-02-24 20:15:20
INFO:root:; News, Blogs, Insider, Calender Data ; 2023-02-24 20:59:03
INFO:root:; News, Blogs, Insider, Calender Data ; 2023-02-24 21:59:02
INFO:root:; All Signal Screener Data ; 2023-02-24 22:14:42
INFO:root:; News, Blogs, Insider, Calender Data ; 2023-02-24 22:59:03
INFO:root:; News, Blogs, Insider, Calender Data ; 2023-02-24 23:59:03
INFO:root:; All Signal Screener Data ; 2023-02-25 00:15:32
INFO:root:; News, Blogs, Insider, Calender Data ; 2023-02-25 00:59:02
INFO:root:; News, Blogs, Insider, Calender Data ; 2023-02-25 01:59:02
INFO:root:; All Signal Screener Data ; 2023-02-25 02:14:29
INFO:root:; News, Blogs, Insider, Calender Data ; 2023-02-25 02:59:02
INFO:root:; News, Blogs, Insider, Calender Data ; 2023-02-25 03:59:02
INFO:root:; All Signal Screener Data ; 2023-02-25 04:14:18
INFO:root:; News, Blogs, Insider, Calender Data ; 2023-02-25 04:59:03
INFO:root:; News, Blogs, Insider, Calender Data ; 2023-02-25 05:59:02
INFO:root:; All Signal Screener Data ; 2023-02-25 06:14:27
INFO:root:; News, Blogs, Insider, Calender Data ; 2023-02-25 06:59:03
INFO:root:; News, Blogs, Insider, Calender Data ; 2023-02-25 07:59:02
INFO:root:; All Signal Screener Data ; 2023-02-25 08:14:20
INFO:root:; News, Blogs, Insider, Calender Data ; 2023-02-25 08:59:02
INFO:root:; News, Blogs, Insider, Calender Data ; 2023-02-25 09:59:03
INFO:root:; All Signal Screener Data ; 2023-02-25 10:15:01
INFO:root:; News, Blogs, Insider, Calender Data ; 2023-02-25 10:59:02
INFO:root:; News, Blogs, Insider, Calender Data ; 2023-02-25 11:59:02
INFO:root:; All Signal Screener Data ; 2023-02-25 12:14:32
INFO:root:; News, Blogs, Insider, Calender Data ; 2023-02-25 12:59:02
INFO:root:; News, Blogs, Insider, Calender Data ; 2023-02-25 13:59:03
INFO:root:; All Signal Screener Data ; 2023-02-25 14:15:27
INFO:root:; News, Blogs, Insider, Calender Data ; 2023-02-25 14:59:03
INFO:root:; News, Blogs, Insider, Calender Data ; 2023-02-25 15:59:02
INFO:root:; All Signal Screener Data ; 2023-02-25 16:15:22
INFO:root:; News, Blogs, Insider, Calender Data ; 2023-02-25 16:59:03
INFO:root:; News, Blogs, Insider, Calender Data ; 2023-02-25 18:59:02
INFO:root:; News, Blogs, Insider, Calender Data ; 2023-02-25 19:59:03
INFO:root:; All Signal Screener Data ; 2023-02-25 20:15:33
INFO:root:; News, Blogs, Insider, Calender Data ; 2023-02-25 20:59:03
INFO:root:; News, Blogs, Insider, Calender Data ; 2023-02-25 21:59:02
INFO:root:; All Signal Screener Data ; 2023-02-25 22:14:40
INFO:root:; News, Blogs, Insider, Calender Data ; 2023-02-25 22:59:02
INFO:root:; News, Blogs, Insider, Calender Data ; 2023-02-25 23:59:04
INFO:root:; All Signal Screener Data ; 2023-02-26 00:15:28
INFO:root:; News, Blogs, Insider, Calender Data ; 2023-02-26 00:59:04
INFO:root:; News, Blogs, Insider, Calender Data ; 2023-02-26 01:59:03
INFO:root:; News, Blogs, Insider, Calender Data ; 2023-02-26 15:08:01
INFO:root:; News, Blogs, Insider, Calender Data ; 2023-02-26 15:12:02
INFO:root:; News, Blogs, Insider, Calender Data ; 2023-02-26 15:59:02
INFO:root:; News, Blogs, Insider, Calender Data ; 2023-02-26 16:59:02
INFO:root:; News, Blogs, Insider, Calender Data ; 2023-02-26 17:59:02
INFO:root:; News, Blogs, Insider, Calender Data ; 2023-02-26 18:59:02
INFO:root:; News, Blogs, Insider, Calender Data ; 2023-02-26 19:59:02
INFO:root:; News, Blogs, Insider, Calender Data ; 2023-02-26 20:59:02
INFO:root:; Business Calender ; 2023-02-26 21:29:09
INFO:root:; News, Blogs, Insider, Calender Data ; 2023-02-26 21:59:02
INFO:root:; News, Blogs, Insider, Calender Data ; 2023-02-26 22:59:03
INFO:root:; News, Blogs, Insider, Calender Data ; 2023-02-26 23:59:02
INFO:root:; News, Blogs, Insider, Calender Data ; 2023-02-27 00:59:03
INFO:root:; News, Blogs, Insider, Calender Data ; 2023-02-27 01:59:03
INFO:root:; News, Blogs, Insider, Calender Data ; 2023-02-27 02:59:02
INFO:root:; News, Blogs, Insider, Calender Data ; 2023-02-27 03:59:03
INFO:root:; News, Blogs, Insider, Calender Data ; 2023-02-27 04:59:02
INFO:root:; News, Blogs, Insider, Calender Data ; 2023-02-27 05:59:02
INFO:root:; News, Blogs, Insider, Calender Data ; 2023-02-27 06:59:03
INFO:root:; News, Blogs, Insider, Calender Data ; 2023-02-27 07:59:02
INFO:root:; News, Blogs, Insider, Calender Data ; 2023-02-27 08:59:03
INFO:root:; News, Blogs, Insider, Calender Data ; 2023-02-27 09:59:03
INFO:root:; News, Blogs, Insider, Calender Data ; 2023-02-27 10:59:02
INFO:root:; News, Blogs, Insider, Calender Data ; 2023-02-27 11:59:02
INFO:root:; News, Blogs, Insider, Calender Data ; 2023-02-27 12:59:02
INFO:root:; News, Blogs, Insider, Calender Data ; 2023-02-27 13:59:02
INFO:root:; News, Blogs, Insider, Calender Data ; 2023-02-27 14:59:02
INFO:root:; News, Blogs, Insider, Calender Data ; 2023-02-27 15:59:02
INFO:root:; News, Blogs, Insider, Calender Data ; 2023-02-27 16:59:02
INFO:root:; News, Blogs, Insider, Calender Data ; 2023-02-27 17:59:03
INFO:root:; News, Blogs, Insider, Calender Data ; 2023-02-27 18:59:03
INFO:root:; News, Blogs, Insider, Calender Data ; 2023-02-27 19:59:04
INFO:root:; News, Blogs, Insider, Calender Data ; 2023-02-27 20:59:02
INFO:root:; News, Blogs, Insider, Calender Data ; 2023-02-27 21:59:02
INFO:root:; News, Blogs, Insider, Calender Data ; 2023-02-27 22:59:02
INFO:root:; News, Blogs, Insider, Calender Data ; 2023-02-27 23:59:03
INFO:root:; News, Blogs, Insider, Calender Data ; 2023-02-28 00:59:03
INFO:root:; News, Blogs, Insider, Calender Data ; 2023-02-28 01:59:02
INFO:root:; News, Blogs, Insider, Calender Data ; 2023-02-28 02:59:02
INFO:root:; News, Blogs, Insider, Calender Data ; 2023-02-28 03:59:03
INFO:root:; News, Blogs, Insider, Calender Data ; 2023-02-28 04:59:02
INFO:root:; News, Blogs, Insider, Calender Data ; 2023-02-28 05:59:02
INFO:root:; News, Blogs, Insider, Calender Data ; 2023-02-28 06:59:02
INFO:root:; News, Blogs, Insider, Calender Data ; 2023-02-28 07:59:02
INFO:root:; News, Blogs, Insider, Calender Data ; 2023-02-28 08:59:03
INFO:root:; News, Blogs, Insider, Calender Data ; 2023-02-28 09:59:02
INFO:root:; News, Blogs, Insider, Calender Data ; 2023-02-28 10:59:02
INFO:root:; News, Blogs, Insider, Calender Data ; 2023-02-28 11:59:02
INFO:root:; News, Blogs, Insider, Calender Data ; 2023-02-28 12:59:02
INFO:root:; News, Blogs, Insider, Calender Data ; 2023-02-28 13:59:03
INFO:root:; News, Blogs, Insider, Calender Data ; 2023-02-28 14:59:02
INFO:root:; News, Blogs, Insider, Calender Data ; 2023-02-28 15:59:02
INFO:root:; News, Blogs, Insider, Calender Data ; 2023-02-28 16:59:03
INFO:root:; News, Blogs, Insider, Calender Data ; 2023-02-28 17:59:02
INFO:root:; News, Blogs, Insider, Calender Data ; 2023-02-28 18:59:02
INFO:root:; News, Blogs, Insider, Calender Data ; 2023-02-28 19:59:02
INFO:root:; News, Blogs, Insider, Calender Data ; 2023-02-28 20:59:02
INFO:root:; News, Blogs, Insider, Calender Data ; 2023-02-28 21:59:03
INFO:root:; News, Blogs, Insider, Calender Data ; 2023-02-28 22:59:02
INFO:root:; News, Blogs, Insider, Calender Data ; 2023-02-28 23:59:02
INFO:root:; News, Blogs, Insider, Calender Data ; 2023-03-01 00:59:03
INFO:root:; News, Blogs, Insider, Calender Data ; 2023-03-01 01:59:02
INFO:root:; News, Blogs, Insider, Calender Data ; 2023-03-01 02:59:02
INFO:root:; News, Blogs, Insider, Calender Data ; 2023-03-01 03:59:02
INFO:root:; News, Blogs, Insider, Calender Data ; 2023-03-01 04:59:02
INFO:root:; News, Blogs, Insider, Calender Data ; 2023-03-01 05:59:02
INFO:root:; News, Blogs, Insider, Calender Data ; 2023-03-01 06:59:02
INFO:root:; News, Blogs, Insider, Calender Data ; 2023-03-01 07:59:03
INFO:root:; News, Blogs, Insider, Calender Data ; 2023-03-01 08:59:02
INFO:root:; News, Blogs, Insider, Calender Data ; 2023-03-01 09:59:03
INFO:root:; News, Blogs, Insider, Calender Data ; 2023-03-01 10:59:02
INFO:root:; News, Blogs, Insider, Calender Data ; 2023-03-01 11:59:03
INFO:root:; News, Blogs, Insider, Calender Data ; 2023-03-01 12:59:02
INFO:root:; News, Blogs, Insider, Calender Data ; 2023-03-01 13:59:03
INFO:root:; News, Blogs, Insider, Calender Data ; 2023-03-01 14:59:02
INFO:root:; News, Blogs, Insider, Calender Data ; 2023-03-01 15:59:03
INFO:root:; News, Blogs, Insider, Calender Data ; 2023-03-01 16:59:03
INFO:root:; News, Blogs, Insider, Calender Data ; 2023-03-01 17:59:02
INFO:root:; News, Blogs, Insider, Calender Data ; 2023-03-01 18:59:02
INFO:root:; News, Blogs, Insider, Calender Data ; 2023-03-01 19:59:03
INFO:root:; Business Calender ; 2023-03-01 20:30:01
INFO:root:; News, Blogs, Insider, Calender Data ; 2023-03-01 20:59:03
INFO:root:; News, Blogs, Insider, Calender Data ; 2023-03-01 21:59:04
INFO:root:; News, Blogs, Insider, Calender Data ; 2023-03-01 22:59:03
INFO:root:; News, Blogs, Insider, Calender Data ; 2023-03-01 23:59:03
INFO:root:; News, Blogs, Insider, Calender Data ; 2023-03-02 00:59:03
INFO:root:; News, Blogs, Insider, Calender Data ; 2023-03-02 01:59:02
INFO:root:; News, Blogs, Insider, Calender Data ; 2023-03-02 02:59:03
INFO:root:; News, Blogs, Insider, Calender Data ; 2023-03-02 03:59:03
INFO:root:; News, Blogs, Insider, Calender Data ; 2023-03-02 10:59:02
INFO:root:; News, Blogs, Insider, Calender Data ; 2023-03-02 11:59:02
INFO:root:; News, Blogs, Insider, Calender Data ; 2023-03-02 12:59:02
INFO:root:; News, Blogs, Insider, Calender Data ; 2023-03-02 13:59:03
INFO:root:; News, Blogs, Insider, Calender Data ; 2023-03-02 14:59:02
INFO:root:; News, Blogs, Insider, Calender Data ; 2023-03-02 15:59:02
INFO:root:; News, Blogs, Insider, Calender Data ; 2023-03-02 16:59:02
INFO:root:; News, Blogs, Insider, Calender Data ; 2023-03-02 17:59:02
INFO:root:; News, Blogs, Insider, Calender Data ; 2023-03-02 18:59:02
INFO:root:; News, Blogs, Insider, Calender Data ; 2023-03-02 19:59:03
INFO:root:; Business Calender ; 2023-03-02 20:30:01
INFO:root:; News, Blogs, Insider, Calender Data ; 2023-03-02 20:59:03
INFO:root:; News, Blogs, Insider, Calender Data ; 2023-03-02 21:59:02
INFO:root:; News, Blogs, Insider, Calender Data ; 2023-03-02 22:59:03
INFO:root:; News, Blogs, Insider, Calender Data ; 2023-03-02 23:59:02
INFO:root:; News, Blogs, Insider, Calender Data ; 2023-03-03 00:59:02
INFO:root:; News, Blogs, Insider, Calender Data ; 2023-03-03 01:59:02
INFO:root:; News, Blogs, Insider, Calender Data ; 2023-03-03 02:59:03
INFO:root:; News, Blogs, Insider, Calender Data ; 2023-03-03 03:59:02
INFO:root:; News, Blogs, Insider, Calender Data ; 2023-03-03 04:59:03
INFO:root:; News, Blogs, Insider, Calender Data ; 2023-03-03 05:59:03
INFO:root:; News, Blogs, Insider, Calender Data ; 2023-03-03 06:59:02
INFO:root:; News, Blogs, Insider, Calender Data ; 2023-03-03 07:59:02
INFO:root:; News, Blogs, Insider, Calender Data ; 2023-03-03 08:59:02
INFO:root:; News, Blogs, Insider, Calender Data ; 2023-03-03 09:59:03
INFO:root:; News, Blogs, Insider, Calender Data ; 2023-03-03 10:59:02
INFO:root:; News, Blogs, Insider, Calender Data ; 2023-03-03 11:59:03
INFO:root:; News, Blogs, Insider, Calender Data ; 2023-03-03 12:59:03
INFO:root:; News, Blogs, Insider, Calender Data ; 2023-03-03 13:59:02
INFO:root:; News, Blogs, Insider, Calender Data ; 2023-03-03 14:59:02
INFO:root:; News, Blogs, Insider, Calender Data ; 2023-03-03 15:59:02
INFO:root:; News, Blogs, Insider, Calender Data ; 2023-03-03 16:59:02
INFO:root:; News, Blogs, Insider, Calender Data ; 2023-03-03 17:59:02
INFO:root:; News, Blogs, Insider, Calender Data ; 2023-03-03 18:59:03
INFO:root:; News, Blogs, Insider, Calender Data ; 2023-03-03 19:59:03
INFO:root:; Business Calender ; 2023-03-03 20:30:02
INFO:root:; News, Blogs, Insider, Calender Data ; 2023-03-03 20:59:03
INFO:root:; News, Blogs, Insider, Calender Data ; 2023-03-03 21:59:03
INFO:root:; News, Blogs, Insider, Calender Data ; 2023-03-03 22:59:02
INFO:root:; News, Blogs, Insider, Calender Data ; 2023-03-03 23:59:02
INFO:root:; News, Blogs, Insider, Calender Data ; 2023-03-04 00:59:03
INFO:root:; News, Blogs, Insider, Calender Data ; 2023-03-04 01:59:02
INFO:root:; News, Blogs, Insider, Calender Data ; 2023-03-04 02:59:02
INFO:root:; News, Blogs, Insider, Calender Data ; 2023-03-04 03:59:03
INFO:root:; News, Blogs, Insider, Calender Data ; 2023-03-04 04:59:03
INFO:root:; News, Blogs, Insider, Calender Data ; 2023-03-04 05:59:02
INFO:root:; News, Blogs, Insider, Calender Data ; 2023-03-04 06:59:02
INFO:root:; News, Blogs, Insider, Calender Data ; 2023-03-04 07:59:03
INFO:root:; News, Blogs, Insider, Calender Data ; 2023-03-04 08:59:02
INFO:root:; News, Blogs, Insider, Calender Data ; 2023-03-04 09:59:02
INFO:root:; News, Blogs, Insider, Calender Data ; 2023-03-04 10:59:03
INFO:root:; News, Blogs, Insider, Calender Data ; 2023-03-04 11:59:02
INFO:root:; News, Blogs, Insider, Calender Data ; 2023-03-04 12:59:03
INFO:root:; News, Blogs, Insider, Calender Data ; 2023-03-04 13:59:02
INFO:root:; News, Blogs, Insider, Calender Data ; 2023-03-04 14:59:03
INFO:root:; News, Blogs, Insider, Calender Data ; 2023-03-04 15:59:02
INFO:root:; News, Blogs, Insider, Calender Data ; 2023-03-04 16:59:02
INFO:root:; News, Blogs, Insider, Calender Data ; 2023-03-04 17:59:03
INFO:root:; News, Blogs, Insider, Calender Data ; 2023-03-04 18:59:02
INFO:root:; News, Blogs, Insider, Calender Data ; 2023-03-04 19:59:03
INFO:root:; News, Blogs, Insider, Calender Data ; 2023-03-04 20:59:03
INFO:root:; News, Blogs, Insider, Calender Data ; 2023-03-04 21:59:02
INFO:root:; News, Blogs, Insider, Calender Data ; 2023-03-04 22:59:03
INFO:root:; News, Blogs, Insider, Calender Data ; 2023-03-04 23:59:03
INFO:root:; News, Blogs, Insider, Calender Data ; 2023-03-05 00:59:02
INFO:root:; News, Blogs, Insider, Calender Data ; 2023-03-05 01:59:02
INFO:root:; News, Blogs, Insider, Calender Data ; 2023-03-05 02:59:03
INFO:root:; News, Blogs, Insider, Calender Data ; 2023-03-05 03:59:02
INFO:root:; News, Blogs, Insider, Calender Data ; 2023-03-05 04:59:03
INFO:root:; News, Blogs, Insider, Calender Data ; 2023-03-05 05:59:02
INFO:root:; News, Blogs, Insider, Calender Data ; 2023-03-05 06:59:02
INFO:root:; News, Blogs, Insider, Calender Data ; 2023-03-05 07:59:02
INFO:root:; News, Blogs, Insider, Calender Data ; 2023-03-05 08:59:03
INFO:root:; News, Blogs, Insider, Calender Data ; 2023-03-05 09:59:02
INFO:root:; News, Blogs, Insider, Calender Data ; 2023-03-05 10:59:02
INFO:root:; News, Blogs, Insider, Calender Data ; 2023-03-05 11:59:02
INFO:root:; News, Blogs, Insider, Calender Data ; 2023-03-05 12:59:02
INFO:root:; News, Blogs, Insider, Calender Data ; 2023-03-05 13:59:03
INFO:root:; News, Blogs, Insider, Calender Data ; 2023-03-05 14:59:02
INFO:root:; News, Blogs, Insider, Calender Data ; 2023-03-05 15:59:02
INFO:root:; News, Blogs, Insider, Calender Data ; 2023-03-05 16:59:03
INFO:root:; News, Blogs, Insider, Calender Data ; 2023-03-05 17:59:02
INFO:root:; News, Blogs, Insider, Calender Data ; 2023-03-05 18:59:03
INFO:root:; News, Blogs, Insider, Calender Data ; 2023-03-05 19:59:02
INFO:root:; News, Blogs, Insider, Calender Data ; 2023-03-05 20:59:02
INFO:root:; News, Blogs, Insider, Calender Data ; 2023-03-05 21:59:03
INFO:root:; News, Blogs, Insider, Calender Data ; 2023-03-05 22:59:02
INFO:root:; News, Blogs, Insider, Calender Data ; 2023-03-05 23:59:03
INFO:root:; News, Blogs, Insider, Calender Data ; 2023-03-06 00:59:02
INFO:root:; News, Blogs, Insider, Calender Data ; 2023-03-06 01:59:03
INFO:root:; News, Blogs, Insider, Calender Data ; 2023-03-06 02:59:02
INFO:root:; News, Blogs, Insider, Calender Data ; 2023-03-06 03:59:02
INFO:root:; News, Blogs, Insider, Calender Data ; 2023-03-06 04:59:02
INFO:root:; News, Blogs, Insider, Calender Data ; 2023-03-06 05:59:03
INFO:root:; News, Blogs, Insider, Calender Data ; 2023-03-06 06:59:02
INFO:root:; News, Blogs, Insider, Calender Data ; 2023-03-06 07:59:02
INFO:root:; News, Blogs, Insider, Calender Data ; 2023-03-06 08:59:03
INFO:root:; News, Blogs, Insider, Calender Data ; 2023-03-06 09:59:02
INFO:root:; News, Blogs, Insider, Calender Data ; 2023-03-06 10:59:02
INFO:root:; News, Blogs, Insider, Calender Data ; 2023-03-06 11:59:03
INFO:root:; News, Blogs, Insider, Calender Data ; 2023-03-06 12:59:03
INFO:root:; News, Blogs, Insider, Calender Data ; 2023-03-06 13:59:02
INFO:root:; News, Blogs, Insider, Calender Data ; 2023-03-06 14:59:02
INFO:root:; News, Blogs, Insider, Calender Data ; 2023-03-06 15:59:03
INFO:root:; News, Blogs, Insider, Calender Data ; 2023-03-06 16:59:02
INFO:root:; News, Blogs, Insider, Calender Data ; 2023-03-06 17:59:03
INFO:root:; News, Blogs, Insider, Calender Data ; 2023-03-06 18:59:02
INFO:root:; News, Blogs, Insider, Calender Data ; 2023-03-06 19:59:03
INFO:root:; News, Blogs, Insider, Calender Data ; 2023-03-06 20:59:03
INFO:root:; News, Blogs, Insider, Calender Data ; 2023-03-06 21:59:03
INFO:root:; News, Blogs, Insider, Calender Data ; 2023-03-06 22:59:03
INFO:root:; News, Blogs, Insider, Calender Data ; 2023-03-06 23:59:02
INFO:root:; News, Blogs, Insider, Calender Data ; 2023-03-07 00:59:03
INFO:root:; News, Blogs, Insider, Calender Data ; 2023-03-07 01:59:02
INFO:root:; News, Blogs, Insider, Calender Data ; 2023-03-07 02:59:02
INFO:root:; News, Blogs, Insider, Calender Data ; 2023-03-07 03:59:02
INFO:root:; News, Blogs, Insider, Calender Data ; 2023-03-07 04:59:02
INFO:root:; News, Blogs, Insider, Calender Data ; 2023-03-07 05:59:02
INFO:root:; News, Blogs, Insider, Calender Data ; 2023-03-07 06:59:03
INFO:root:; News, Blogs, Insider, Calender Data ; 2023-03-07 07:59:02
INFO:root:; News, Blogs, Insider, Calender Data ; 2023-03-07 08:59:03
INFO:root:; News, Blogs, Insider, Calender Data ; 2023-03-07 09:59:02
INFO:root:; News, Blogs, Insider, Calender Data ; 2023-03-07 10:59:02
INFO:root:; News, Blogs, Insider, Calender Data ; 2023-03-07 11:59:02
INFO:root:; News, Blogs, Insider, Calender Data ; 2023-03-07 12:59:02
INFO:root:; News, Blogs, Insider, Calender Data ; 2023-03-07 13:59:03
INFO:root:; News, Blogs, Insider, Calender Data ; 2023-03-07 14:59:02
INFO:root:; News, Blogs, Insider, Calender Data ; 2023-03-07 15:59:03
INFO:root:; News, Blogs, Insider, Calender Data ; 2023-03-07 16:59:02
INFO:root:; News, Blogs, Insider, Calender Data ; 2023-03-07 17:59:02
INFO:root:; News, Blogs, Insider, Calender Data ; 2023-03-07 18:59:02
INFO:root:; News, Blogs, Insider, Calender Data ; 2023-03-07 19:59:03
INFO:root:; News, Blogs, Insider, Calender Data ; 2023-03-07 20:59:02
INFO:root:; News, Blogs, Insider, Calender Data ; 2023-03-07 21:59:03
INFO:root:; News, Blogs, Insider, Calender Data ; 2023-03-07 22:59:03
INFO:root:; News, Blogs, Insider, Calender Data ; 2023-03-07 23:59:02
INFO:root:; News, Blogs, Insider, Calender Data ; 2023-03-08 00:59:02
INFO:root:; News, Blogs, Insider, Calender Data ; 2023-03-08 01:59:03
INFO:root:; News, Blogs, Insider, Calender Data ; 2023-03-08 02:59:02
INFO:root:; News, Blogs, Insider, Calender Data ; 2023-03-08 03:59:02
INFO:root:; News, Blogs, Insider, Calender Data ; 2023-03-08 04:59:02
INFO:root:; News, Blogs, Insider, Calender Data ; 2023-03-08 05:59:02
INFO:root:; News, Blogs, Insider, Calender Data ; 2023-03-08 06:59:02
INFO:root:; News, Blogs, Insider, Calender Data ; 2023-03-08 07:59:03
INFO:root:; News, Blogs, Insider, Calender Data ; 2023-03-08 08:59:02
INFO:root:; News, Blogs, Insider, Calender Data ; 2023-03-08 09:59:03
INFO:root:; News, Blogs, Insider, Calender Data ; 2023-03-08 10:59:02
INFO:root:; News, Blogs, Insider, Calender Data ; 2023-03-08 11:59:03
INFO:root:; News, Blogs, Insider, Calender Data ; 2023-03-08 12:59:03
INFO:root:; News, Blogs, Insider, Calender Data ; 2023-03-08 13:59:02
INFO:root:; News, Blogs, Insider, Calender Data ; 2023-03-08 14:59:02
INFO:root:; News, Blogs, Insider, Calender Data ; 2023-03-08 15:59:02
INFO:root:; News, Blogs, Insider, Calender Data ; 2023-03-08 16:59:03
INFO:root:; News, Blogs, Insider, Calender Data ; 2023-03-08 17:59:02
INFO:root:; News, Blogs, Insider, Calender Data ; 2023-03-08 18:59:08
INFO:root:; News, Blogs, Insider, Calender Data ; 2023-03-08 19:59:03
INFO:root:; News, Blogs, Insider, Calender Data ; 2023-03-08 20:59:03
INFO:root:; News, Blogs, Insider, Calender Data ; 2023-03-08 21:59:03
INFO:root:; News, Blogs, Insider, Calender Data ; 2023-03-08 22:59:03
INFO:root:; News, Blogs, Insider, Calender Data ; 2023-03-08 23:59:03
INFO:root:; News, Blogs, Insider, Calender Data ; 2023-03-09 00:59:03
INFO:root:; News, Blogs, Insider, Calender Data ; 2023-03-09 01:59:02
INFO:root:; News, Blogs, Insider, Calender Data ; 2023-03-09 02:59:02
INFO:root:; News, Blogs, Insider, Calender Data ; 2023-03-09 03:59:02
INFO:root:; News, Blogs, Insider, Calender Data ; 2023-03-09 04:59:02
INFO:root:; News, Blogs, Insider, Calender Data ; 2023-03-09 05:59:02
INFO:root:; News, Blogs, Insider, Calender Data ; 2023-03-09 06:59:03
INFO:root:; News, Blogs, Insider, Calender Data ; 2023-03-09 07:59:02
INFO:root:; News, Blogs, Insider, Calender Data ; 2023-03-09 08:59:03
INFO:root:; News, Blogs, Insider, Calender Data ; 2023-03-09 09:59:02
INFO:root:; News, Blogs, Insider, Calender Data ; 2023-03-09 10:59:03
INFO:root:; Business Calender ; 2023-03-09 11:38:01
INFO:root:; Business Calender ; 2023-03-09 11:38:24
INFO:root:; News, Blogs, Insider, Calender Data ; 2023-03-09 11:59:02
INFO:root:; Business Calender ; 2023-03-09 12:03:17
Finished updating news, blogs, Calendar, insider trades at 2023-03-09 23:52:02.393333
